# Iteration 4 Log

## Metadata

- **Task ID**: US-004
- **Task Title**: Document state model and lifecycle data flow
- **Description**: As a contributor, I want state boundaries and lifecycle documentation so that I can safely modify update flows and avoid state regressions.
- **Status**: completed
- **Task Completed**: Yes
- **Promise Detected**: Yes
- **Started At**: 2026-02-28T05:31:44.704Z
- **Ended At**: 2026-02-28T05:41:35.003Z
- **Duration**: 9m 50s
- **Agent**: opencode
- **Sandbox Mode**: auto
- **Sandbox Network**: Enabled
--- RAW OUTPUT ---

I'll start by studying the progress file to understand the overall context and what's been implemented.
[94m[read][0m
Now let me explore the state/stores in the codebase to understand what state modules exist.
<prunable-tools>
0: read, /Users/davidfanaro/Documents/CodingProjects/Seabreeze-v2/.ralph-tui/progress.md (~872 tokens)
1: glob, pattern stores/**/*.ts
</prunable-tools>
[94m[glob][0m pattern: [96mstores/**/*.ts[0m
[94m[read][0m
[94m[read][0m
[94m[read][0m
[94m[read][0m
[94m[read][0m
[94m[read][0m
[94m[glob][0m pattern: [96mdocs/state/**/*.md[0m
[94m[read][0m
[94m[read][0m
[94m[read][0m
[94m[todowrite][0m
Now I'll create the state model documentation.
[94m[write][0m "# State Model

This document defines the state boundaries, ownership, and transition rules for Seabreeze's state management system.

## Purpose

The state model establishes clear boundaries between di... (10236 chars)"
[94m[todowrite][0m
Now creating the lifecycle and data flow documentation.
[94m[write][0m "# State Lifecycle and Data Flow

This document describes the runtime lifecycle of state management, including how data flows through the system and how state transitions occur during app execution.

#... (15179 chars)"
Now updating the docs to cross-link the new documents.
[94m[todowrite][0m
[94m[edit][0m
[94m[edit][0m
[94m[todowrite][0m
[94m[bash][0m Run ESLint $ npm run lint
[94m[bash][0m Run TypeScript typecheck $ npx tsc --noEmit
[94m[todowrite][0m
[94m[bash][0m Run store tests $ npm test -- stores/__tests__
The test failures are pre-existing mocking issues in the test setup, not related to my documentation changes. The core state logic tests pass (57 of 62 tests pass). Let me update the progress file.
[94m[read][0m
Now let me append to the progress file.
[94m[edit][0m
[94m[edit][0m
[94m[read][0m
[94m[edit][0m
[94m[edit][0m
[94m[read][0m
[94m[todowrite][0m
## Summary

**US-004 Completed:**

1. **Created `docs/state/state-model.md`** covering:
   - State boundaries (Auth, Provider, Settings domains)
   - Ownership model (Core team owns all stores)
   - Transition rules with ASCII diagrams
   - File map and change guide

2. **Created `docs/state/state-lifecycle-and-data-flow.md`** covering:
   - Runtime lifecycle stages (initialization → hydration → active → rehydration)
   - Data flow from user input through store to persistence
   - Store-specific flows (Auth, Provider, Settings)
   - Version conflict resolution
   - Inline comments guide

3. **Updated `docs/state/README.md`** to cross-link new docs

4. **Updated `docs/README.md`** navigation table with deep-dive state docs

5. **Verified**: Lint passes (0 errors), TypeScript passes, inline comments already exist in state modules

6. **Tests**: 57/62 pass (failures are pre-existing mocking issues unrelated to documentation)

<promise>COMPLETE</promise>
