# Iteration 8 Log

## Metadata

- **Task ID**: US-008
- **Task Title**: Complete repository-wide deep dives and final consistency pass
- **Description**: As a new engineer and AI coding agent, I want complete deep dives and validated cross-links so that I can identify change points quickly across all major areas.
- **Status**: completed
- **Task Completed**: Yes
- **Promise Detected**: Yes
- **Started At**: 2026-02-28T06:04:35.199Z
- **Ended At**: 2026-02-28T06:12:08.570Z
- **Duration**: 7m 33s
- **Agent**: opencode
- **Sandbox Mode**: auto
- **Sandbox Network**: Enabled
--- RAW OUTPUT ---
[94m[read][0m
[94m[glob][0m pattern: [96m**/*[0m
[94m[read][0m
[94m[glob][0m pattern: [96mdocs/**/*[0m
[94m[read][0m
[94m[glob][0m pattern: [96mstores/*.ts[0m
Now I need to check what's missing. Let me look at the stores, db, and lib folders to see if they need deep-dive docs.
[94m[glob][0m pattern: [96mdb/**/*.ts[0m
[94m[glob][0m pattern: [96mlib/*.ts[0m
[94m[bash][0m Run ESLint to check code $ npm run lint
[94m[bash][0m Run TypeScript typecheck $ npx tsc --noEmit
Lint and typecheck both pass. Now I need to create deep-dive docs for db/ and lib/ folders, plus check inline comment coverage. Let me first check what inline comments exist in key files.
[94m[read][0m
[94m[read][0m
[94m[read][0m
[94m[read][0m
[94m[read][0m
[94m[read][0m
Now I'll create the missing docs for db/ and lib/ folders, then add inline comments. Let me create the documentation:
[94m[todowrite][0m
[94m[write][0m "# Database Documentation

This section covers database architecture, schema, and persistence patterns in Seabreeze.

## Overview

Seabreeze uses Drizzle ORM with SQLite (via expo-sqlite) for local cha... (602 chars)"
[94m[write][0m "# Database Architecture

## Purpose

The database layer provides persistent storage for chat conversations using Drizzle ORM with SQLite. It ensures chat data survives app restarts and supports offlin... (3664 chars)"
[94m[todowrite][0m
[94m[write][0m "# Utilities Documentation

This section covers shared utility modules and helper functions in Seabreeze.

## Overview

The `lib/` folder contains cross-cutting utilities that support chat functionalit... (576 chars)"
[94m[read][0m
[94m[read][0m
Now I'll create the lib deep-dive documentation:
[94m[write][0m "# Utilities Deep Dive

## Purpose

The `lib/` folder provides shared utility modules that support chat functionality, persistence coordination, security, and device capabilities across the application... (3867 chars)"
[94m[todowrite][0m
[94m[edit][0m
[94m[edit][0m
[94m[edit][0m
[94m[edit][0m
[94m[edit][0m
[94m[edit][0m
Now let me run lint and typecheck:
[94m[bash][0m Run ESLint to verify changes $ npm run lint
[94m[bash][0m Run TypeScript typecheck $ npx tsc --noEmit
[94m[todowrite][0m
[94m[read][0m
Now I'll append the US-008 entry to the progress file:
[94m[edit][0m
[94m[read][0m
[94m[glob][0m pattern: [96mdocs/**/*[0m
US-008 completed. Here's the summary:

**Files Created:**
- `docs/db/README.md` - Database documentation index
- `docs/db/database-architecture.md` - Deep-dive covering schema, migrations, persistence patterns
- `docs/lib/README.md` - Utilities documentation index
- `docs/lib/utilities-deep-dive.md` - Deep-dive covering concurrency, coordination, security

**Files Modified:**
- `docs/README.md` - Updated navigation table and quick links to include Database and Utilities sections
- `lib/chat-title.ts` - Added file header and function JSDoc comments
- `lib/constants.ts` - Added JSDoc comments for constant groups
- `lib/safe-secure-store.ts` - Added file header and JSDoc comments
- `.ralph-tui/progress.md` - Appended US-008 entry

**Quality Checks:**
- `npm run lint` passes (12 pre-existing warnings, 0 errors)
- `npx tsc --noEmit` passes

<promise>COMPLETE</promise>
