# Iteration 1 Log

## Metadata

- **Task ID**: US-001
- **Task Title**: Create docs foundation and navigation index
- **Description**: As a new engineer, I want a clear docs entrypoint and information architecture so that I can quickly locate the right documentation area.
- **Status**: completed
- **Task Completed**: Yes
- **Promise Detected**: Yes
- **Started At**: 2026-02-28T05:19:09.756Z
- **Ended At**: 2026-02-28T05:20:40.039Z
- **Duration**: 1m 30s
- **Agent**: opencode
- **Sandbox Mode**: auto
- **Sandbox Network**: Enabled
--- RAW OUTPUT ---
I'll start by checking the current state of the project, including the progress file and any existing docs structure.
[94m[read][0m
[94m[glob][0m pattern: [96mdocs/**/*[0m
The docs folder exists with some files but no README.md. Let me create the required structure:
[94m[bash][0m Create docs folder structure $ mkdir -p docs/architecture docs/ui docs/state docs/hooks docs/providers docs/contributing
Now let me create the `docs/README.md` as the canonical entrypoint:
[94m[write][0m "# Seabreeze Documentation

Welcome to the Seabreeze documentation. This is your entrypoint for understanding and contributing to the project.

## Navigation Guide

This documentation is organized in t... (1499 chars)"
Now I'll create the index README files for each topic folder:
[94m[write][0m "# Architecture Documentation

This section covers the high-level architecture and system design of Seabreeze.

## Overview

Seabreeze is an Expo + React Native AI chat application supporting multiple ... (361 chars)"
[94m[write][0m "# UI Components Documentation

This section covers UI components and design patterns used in Seabreeze.

## Overview

Seabreeze uses React Native with Expo Router for UI development.

## Contents

- [... (315 chars)"
[94m[write][0m "# State Management Documentation

This section covers state management approaches and patterns in Seabreeze.

## Overview

Seabreeze uses various state management strategies for different use cases.

... (342 chars)"
[94m[write][0m "# Hooks Documentation

This section covers custom hooks used throughout Seabreeze.

## Overview

Seabreeze provides custom React hooks for common functionality.

## Contents

- [Add deep-dive hook doc... (297 chars)"
[94m[write][0m "# Providers Documentation

This section covers React context providers in Seabreeze.

## Overview

Seabreeze uses React Context providers for dependency injection and global state.

## Contents

- [Ad... (330 chars)"
[94m[write][0m "# Contributing to Seabreeze

Thank you for your interest in contributing!

## Development Setup

See the main [README.md](../../README.md) for setup instructions.

## Code Conventions

- Follow existi... (567 chars)"
Now let me run lint and typecheck:
[94m[bash][0m Run ESLint to check code $ npm run lint
[94m[bash][0m Run TypeScript typecheck $ npx tsc --noEmit
Lint passes (only warnings, no errors) and typecheck passes. Now let me update the progress.md file:
[94m[read][0m
[94m[edit][0m
Let me add a reusable pattern to the codebase patterns section:
[94m[edit][0m
<promise>COMPLETE</promise>
